[Message:   BepInEx] BepInEx 5.4.22.0 - Gorilla Tag (3/6/2024 9:12:07 PM)
[Info   :   BepInEx] Running under Unity v2022.3.2.14108471
[Info   :   BepInEx] CLR runtime version: 4.0.30319.42000
[Info   :   BepInEx] Supports SRE: True
[Info   :   BepInEx] System platform: Bits64, Windows
[Message:   BepInEx] Preloader started
[Info   :   BepInEx] Loaded 1 patcher method from [BepInEx.Preloader 5.4.22.0]
[Info   :   BepInEx] 1 patcher plugin loaded
[Info   :   BepInEx] Patching [UnityEngine.CoreModule] with [BepInEx.Chainloader]
[Message:   BepInEx] Preloader finished
[Message:   BepInEx] Chainloader ready
[Message:   BepInEx] Chainloader started
[Info   :   BepInEx] 7 plugins to load
[Info   :   BepInEx] Loading [Utilla 1.6.13]
[Info   :   BepInEx] Loading [GOOMPS 1.0.0]
[Info   :   BepInEx] Loading [Bepinject 1.0.1]
[Info   :   BepInEx] Loading [NotificationLibrary 1.0.5]
[Info   :NotificationLibrary] Plugin NotificationLibrary is loaded!
[Info   :   BepInEx] Loading [Spider Client V8 1.0.0]
[Info   :   BepInEx] Loading [ComputerInterface 1.4.0]
[Info   :   BepInEx] Loading [Computer Interface Commands 1.4.0]
[Message:   BepInEx] Chainloader startup complete
